<?xml version='1.0' encoding='UTF-8'?>
<testsuites name="results">
  <testsuite name="all" package="all" tests="0">
    <testcase classname="test_dut" name="test_pcie_command" time="0.0">
      <skipped />
    </testcase>
    <testcase classname="test_dut" name="test_pcie_config_read_wait_for_ready" time="0.0">
      <skipped />
    </testcase>
    <testcase classname="test_dut" name="test_write_pcie_register" time="0.0">
      <skipped />
    </testcase>
    <testcase classname="test_dut" name="test_pcie_read_command" time="1.6639320850372314" />
  </testsuite>
</testsuites>
